2025-03-27 00:51:20,556 [INFO] UtilMem:75 - End SaveConfig() Used Memory: 895251776 Bytes (1073741824)
2025-03-27 00:51:40,047 [INFO] UtilMem:75 - End SaveConfig() Used Memory: 475821376 Bytes (1073741824)
2025-03-27 00:52:00,128 [INFO] UtilMem:75 - End SaveConfig() Used Memory: 691828032 Bytes (1073741824)
2025-03-27 00:52:12,725 [INFO] BlockDiagram:2775 - set Specific Code input for plugin: SPI
2025-03-27 00:52:12,726 [INFO] BlockDiagram:2775 - set Specific Code input for plugin: TIM1_8L4
2025-03-27 00:52:12,727 [INFO] BlockDiagram:2775 - set Specific Code input for plugin: SYS
2025-03-27 00:52:12,728 [INFO] BlockDiagram:2775 - set Specific Code input for plugin: RCC
2025-03-27 00:52:12,729 [INFO] BlockDiagram:2775 - set Specific Code input for plugin: LPUART
2025-03-27 00:52:12,731 [INFO] BlockDiagram:2775 - set Specific Code input for plugin: NVIC
2025-03-27 00:52:12,732 [INFO] BlockDiagram:2775 - set Specific Code input for plugin: USART
2025-03-27 00:52:12,734 [INFO] BlockDiagram:2775 - set Specific Code input for plugin: GPIO
2025-03-27 00:52:12,776 [INFO] CodeGenerator:882 - code generatio: config db path: C:\ST\STM32CubeIDE_1.16.0\STM32CubeIDE\plugins\com.st.stm32cube.common.mx_6.14.0.202502271554\\db\
2025-03-27 00:52:12,993 [INFO] CodeEngine:263 - oldGeneratedFile, N:\Bloons\blooners\Blooning\MXTmpFiles\license.tmp_save
2025-03-27 00:52:13,328 [INFO] CodeEngine:287 - Generated code: N:\Bloons\blooners\Blooning\MXTmpFiles\license.tmp
2025-03-27 00:52:13,752 [INFO] CodeEngine:263 - oldGeneratedFile, N:\Bloons\blooners\Blooning\MXTmpFiles\gpio.tmp_save
2025-03-27 00:52:14,050 [INFO] CodeEngine:287 - Generated code: N:\Bloons\blooners\Blooning\MXTmpFiles\gpio.tmp
2025-03-27 00:52:15,126 [INFO] CodeEngine:263 - oldGeneratedFile, N:\Bloons\blooners\Blooning\Core\Src\stm32l4xx_it.c_save
2025-03-27 00:52:15,856 [INFO] CodeEngine:287 - Generated code: N:\Bloons\blooners\Blooning\Core\Src\stm32l4xx_it.c
2025-03-27 00:52:16,126 [INFO] CodeEngine:263 - oldGeneratedFile, N:\Bloons\blooners\Blooning\Core\Inc\stm32l4xx_it.h_save
2025-03-27 00:52:16,637 [INFO] CodeEngine:287 - Generated code: N:\Bloons\blooners\Blooning\Core\Inc\stm32l4xx_it.h
2025-03-27 00:52:17,033 [INFO] CodeEngine:263 - oldGeneratedFile, N:\Bloons\blooners\Blooning\Core\Src\stm32l4xx_hal_msp.c_save
2025-03-27 00:52:17,535 [INFO] CodeEngine:287 - Generated code: N:\Bloons\blooners\Blooning\Core\Src\stm32l4xx_hal_msp.c
2025-03-27 00:52:17,712 [INFO] CodeEngine:263 - oldGeneratedFile, N:\Bloons\blooners\Blooning\MXTmpFiles\system.tmp_save
2025-03-27 00:52:17,972 [INFO] CodeEngine:287 - Generated code: N:\Bloons\blooners\Blooning\MXTmpFiles\system.tmp
2025-03-27 00:52:18,340 [INFO] CodeEngine:319 - oldGeneratedFile, N:\Bloons\blooners\Blooning\Core\Inc\stm32l4xx_hal_conf.h_save
2025-03-27 00:52:18,807 [INFO] CodeEngine:343 - Generated code: N:\Bloons\blooners\Blooning\Core\Inc\stm32l4xx_hal_conf.h
2025-03-27 00:52:19,118 [WARN] IPConfigManager:3747 - IP not found : TIM
2025-03-27 00:52:19,120 [WARN] CodeGenerator:4198 - IP not found : null
2025-03-27 00:52:19,309 [INFO] CodeEngine:263 - oldGeneratedFile, N:\Bloons\blooners\Blooning\Core\Inc\main.h_save
2025-03-27 00:52:19,817 [INFO] CodeEngine:287 - Generated code: N:\Bloons\blooners\Blooning\Core\Inc\main.h
2025-03-27 00:52:20,059 [INFO] CodeEngine:263 - oldGeneratedFile, N:\Bloons\blooners\Blooning\Core\Src\main.c_save
2025-03-27 00:52:20,761 [INFO] CodeEngine:287 - Generated code: N:\Bloons\blooners\Blooning\Core\Src\main.c
2025-03-27 00:52:31,431 [INFO] ProjectBuilder:3324 - Time for Copy HAL[1] : 10033mS.
2025-03-27 00:52:31,525 [INFO] ProjectBuilder:4912 - Project Generator version: 4.6.0-B36
2025-03-27 00:52:31,592 [INFO] ConfigFileManager:1590 - The Die is : DIE470
2025-03-27 00:52:40,161 [INFO] ProjectBuilder:5191 - Time for Generating toolchain IDE Files: 8636mS.
2025-03-27 00:52:40,210 [INFO] ProjectBuilder:3181 - Time for Copy CMSIS : 48mS.
2025-03-27 00:52:40,277 [INFO] ProjectBuilder:3181 - Time for Copy CMSIS : 1mS.
2025-03-27 00:56:23,470 [INFO] UtilMem:75 - End SaveConfig() Used Memory: 893976144 Bytes (1073741824)
2025-03-27 00:56:56,164 [INFO] UtilMem:75 - End SaveConfig() Used Memory: 577218856 Bytes (1073741824)
2025-03-27 00:57:16,734 [INFO] UtilMem:75 - End SaveConfig() Used Memory: 474829768 Bytes (1073741824)
2025-03-27 00:57:29,761 [INFO] BlockDiagram:2775 - set Specific Code input for plugin: SPI
2025-03-27 00:57:29,765 [INFO] BlockDiagram:2775 - set Specific Code input for plugin: TIM1_8L4
2025-03-27 00:57:29,766 [INFO] BlockDiagram:2775 - set Specific Code input for plugin: SYS
2025-03-27 00:57:29,768 [INFO] BlockDiagram:2775 - set Specific Code input for plugin: RCC
2025-03-27 00:57:29,769 [INFO] BlockDiagram:2775 - set Specific Code input for plugin: LPUART
2025-03-27 00:57:29,770 [INFO] BlockDiagram:2775 - set Specific Code input for plugin: NVIC
2025-03-27 00:57:29,770 [INFO] BlockDiagram:2775 - set Specific Code input for plugin: USART
2025-03-27 00:57:29,772 [INFO] BlockDiagram:2775 - set Specific Code input for plugin: GPIO
2025-03-27 00:57:29,811 [INFO] CodeGenerator:882 - code generatio: config db path: C:\ST\STM32CubeIDE_1.16.0\STM32CubeIDE\plugins\com.st.stm32cube.common.mx_6.14.0.202502271554\\db\
2025-03-27 00:57:30,023 [INFO] CodeEngine:263 - oldGeneratedFile, N:\Bloons\blooners\Blooning\MXTmpFiles\license.tmp_save
2025-03-27 00:57:30,338 [INFO] CodeEngine:287 - Generated code: N:\Bloons\blooners\Blooning\MXTmpFiles\license.tmp
2025-03-27 00:57:30,794 [INFO] CodeEngine:263 - oldGeneratedFile, N:\Bloons\blooners\Blooning\MXTmpFiles\gpio.tmp_save
2025-03-27 00:57:31,088 [INFO] CodeEngine:287 - Generated code: N:\Bloons\blooners\Blooning\MXTmpFiles\gpio.tmp
2025-03-27 00:57:32,136 [INFO] CodeEngine:263 - oldGeneratedFile, N:\Bloons\blooners\Blooning\Core\Src\stm32l4xx_it.c_save
2025-03-27 00:57:32,713 [INFO] CodeEngine:287 - Generated code: N:\Bloons\blooners\Blooning\Core\Src\stm32l4xx_it.c
2025-03-27 00:57:32,987 [INFO] CodeEngine:263 - oldGeneratedFile, N:\Bloons\blooners\Blooning\Core\Inc\stm32l4xx_it.h_save
2025-03-27 00:57:33,463 [INFO] CodeEngine:287 - Generated code: N:\Bloons\blooners\Blooning\Core\Inc\stm32l4xx_it.h
2025-03-27 00:57:33,889 [INFO] CodeEngine:263 - oldGeneratedFile, N:\Bloons\blooners\Blooning\Core\Src\stm32l4xx_hal_msp.c_save
2025-03-27 00:57:34,388 [INFO] CodeEngine:287 - Generated code: N:\Bloons\blooners\Blooning\Core\Src\stm32l4xx_hal_msp.c
2025-03-27 00:57:34,573 [INFO] CodeEngine:263 - oldGeneratedFile, N:\Bloons\blooners\Blooning\MXTmpFiles\system.tmp_save
2025-03-27 00:57:34,863 [INFO] CodeEngine:287 - Generated code: N:\Bloons\blooners\Blooning\MXTmpFiles\system.tmp
2025-03-27 00:57:35,220 [INFO] CodeEngine:319 - oldGeneratedFile, N:\Bloons\blooners\Blooning\Core\Inc\stm32l4xx_hal_conf.h_save
2025-03-27 00:57:35,659 [INFO] CodeEngine:343 - Generated code: N:\Bloons\blooners\Blooning\Core\Inc\stm32l4xx_hal_conf.h
2025-03-27 00:57:35,953 [WARN] IPConfigManager:3747 - IP not found : TIM
2025-03-27 00:57:35,955 [WARN] CodeGenerator:4198 - IP not found : null
2025-03-27 00:57:36,141 [INFO] CodeEngine:263 - oldGeneratedFile, N:\Bloons\blooners\Blooning\Core\Inc\main.h_save
2025-03-27 00:57:36,646 [INFO] CodeEngine:287 - Generated code: N:\Bloons\blooners\Blooning\Core\Inc\main.h
2025-03-27 00:57:36,937 [INFO] CodeEngine:263 - oldGeneratedFile, N:\Bloons\blooners\Blooning\Core\Src\main.c_save
2025-03-27 00:57:37,613 [INFO] CodeEngine:287 - Generated code: N:\Bloons\blooners\Blooning\Core\Src\main.c
2025-03-27 00:57:47,923 [INFO] ProjectBuilder:3324 - Time for Copy HAL[1] : 9640mS.
2025-03-27 00:57:47,976 [INFO] ProjectBuilder:4912 - Project Generator version: 4.6.0-B36
2025-03-27 00:57:48,040 [INFO] ConfigFileManager:1590 - The Die is : DIE470
2025-03-27 00:57:55,974 [INFO] ProjectBuilder:5191 - Time for Generating toolchain IDE Files: 7998mS.
2025-03-27 00:57:56,026 [INFO] ProjectBuilder:3181 - Time for Copy CMSIS : 51mS.
2025-03-27 00:57:56,104 [INFO] ProjectBuilder:3181 - Time for Copy CMSIS : 1mS.
