Reading netlist file: "N:\373Final\VGAdriver\impl\gwsynthesis\VGAdriver.vg"
Parsing netlist file "N:\373Final\VGAdriver\impl\gwsynthesis\VGAdriver.vg" completed
Processing netlist completed
Reading constraint file: "N:\373Final\VGAdriver\src\driver.cst"
Physical Constraint parsed completed
Running placement......
[10%] Placement Phase 0 completed
[20%] Placement Phase 1 completed
[30%] Placement Phase 2 completed
[50%] Placement Phase 3 completed
Running routing......
[60%] Routing Phase 0 completed
[70%] Routing Phase 1 completed
[80%] Routing Phase 2 completed
[90%] Routing Phase 3 completed
Running timing analysis......
[95%] Timing analysis completed
Placement and routing completed
Bitstream generation in progress......
Bitstream generation completed
Running power analysis......
[100%] Power analysis completed
Generate file "N:\373Final\VGAdriver\impl\pnr\VGAdriver.power.html" completed
Generate file "N:\373Final\VGAdriver\impl\pnr\VGAdriver.pin.html" completed
Generate file "N:\373Final\VGAdriver\impl\pnr\VGAdriver.rpt.html" completed
Generate file "N:\373Final\VGAdriver\impl\pnr\VGAdriver.rpt.txt" completed
Generate file "N:\373Final\VGAdriver\impl\pnr\VGAdriver.tr.html" completed
Wed Apr 16 13:23:10 2025

